18:48:46,404  INFO main StepsMailRu:seeMailLogo:41 - Logo field dispalyed correct.
22:14:39,770  INFO main MailCommon:onMainScreen:26 - Logo field dispalyed correct.
22:16:44,803  INFO main MailCommon:onMainScreen:26 - Logo field dispalyed correct.
22:16:48,934  INFO main MailCommon:onMainScreen:26 - Logo field dispalyed correct.
22:18:46,722  INFO main MailCommon:onMainScreen:26 - Logo field dispalyed correct.
22:20:12,780  INFO main MailCommon:onMainScreen:26 - Logo field dispalyed correct.
22:20:18,649  INFO main MailCommon:onMainScreen:26 - Logo field dispalyed correct.
22:24:16,814  INFO main MailCommon:onMainScreen:26 - Logo field dispalyed correct.
22:24:26,899  INFO main MailCommon:onMainScreen:26 - Logo field dispalyed correct.
22:26:27,912  INFO main MailCommon:onMainScreen:26 - Logo field dispalyed correct.
22:26:33,156  INFO main MailCommon:onMainScreen:26 - Logo field dispalyed correct.
22:27:00,644  INFO main MailCommon:doLogin:43 - Logo field dispalyed correct.
23:00:49,535  INFO main MailCommon:onMainScreen:25 - Logo field dispalyed correct.
23:00:52,455  INFO main MailCommon:onMainScreen:25 - Logo field dispalyed correct.
23:01:12,051  INFO main MailCommon:doLogin:42 - Logo field dispalyed correct.
23:01:16,141  INFO main MailCommon:onMainScreen:25 - Logo field dispalyed correct.
23:05:44,173  INFO main MailCommon:onMainScreen:25 - Logo field dispalyed correct.
23:05:47,641  INFO main MailCommon:onMainScreen:25 - Logo field dispalyed correct.
23:06:00,658  INFO main MailCommon:doLogin:42 - Logo field dispalyed correct.
23:06:04,209  INFO main MailCommon:onMainScreen:25 - Logo field dispalyed correct.
23:06:07,260  INFO main MailCommon:onMainScreen:25 - Logo field dispalyed correct.
23:12:53,159  INFO main MailCommon:onMainScreen:25 - Logo field dispalyed correct.
23:12:55,152  INFO main MailCommon:onMainScreen:25 - Logo field dispalyed correct.
23:22:27,821  INFO main MailCommon:onMainScreen:25 - Logo field dispalyed correct.
23:22:30,778  INFO main MailCommon:onMainScreen:25 - Logo field dispalyed correct.
23:22:55,215  INFO main MailCommon:doLogin:42 - Logo field dispalyed correct.
23:23:38,728  INFO main MailCommon:onMainScreen:25 - Logo field dispalyed correct.
23:23:59,346  INFO main MailCommon:onMainScreen:25 - Logo field dispalyed correct.
23:24:05,527  INFO main MailCommon:doLogin:42 - Logo field dispalyed correct.
23:26:15,888  INFO main MailCommon:onMainScreen:25 - Logo field dispalyed correct.
23:26:19,965  INFO main MailCommon:onMainScreen:25 - Logo field dispalyed correct.
23:26:57,215  INFO main MailCommon:doLogin:42 - Logo field dispalyed correct.
23:27:14,578  INFO main MailCommon:onMainScreen:25 - Logo field dispalyed correct.
23:27:31,470  INFO main MailCommon:doLogin:42 - Logo field dispalyed correct.
23:48:22,502  INFO main MailCommon:onMainScreen:25 - Logo field dispalyed correct.
23:48:32,011  INFO main MailCommon:onMainScreen:25 - Logo field dispalyed correct.
23:49:09,090  INFO main MailCommon:onMainScreen:25 - Logo field dispalyed correct.
23:50:19,230  INFO main MailCommon:onMainScreen:25 - Logo field dispalyed correct.
23:50:24,952  INFO main MailCommon:onMainScreen:25 - Logo field dispalyed correct.
23:51:00,979  INFO main MailCommon:onMainScreen:25 - Logo field dispalyed correct.
23:53:34,509  INFO main MailCommon:onMainScreen:25 - Logo field dispalyed correct.
23:53:45,135  INFO main MailCommon:onMainScreen:25 - Logo field dispalyed correct.
23:54:21,628  INFO main MailCommon:doLogin:42 - Logo field dispalyed correct.
23:54:26,981  INFO main MailCommon:onMainScreen:25 - Logo field dispalyed correct.
00:00:16,377  INFO main MailCommon:onMainScreen:25 - Logo field dispalyed correct.
00:00:20,294  INFO main MailCommon:onMainScreen:25 - Logo field dispalyed correct.
00:00:49,492  INFO main MailCommon:doLogin:42 - Logo field dispalyed correct.
00:01:14,824  INFO main MailCommon:onMainScreen:25 - Logo field dispalyed correct.
00:06:22,376  INFO main MailCommon:onMainScreen:25 - Logo field dispalyed correct.
00:06:30,978  INFO main MailCommon:onMainScreen:25 - Logo field dispalyed correct.
00:07:07,751  INFO main MailCommon:doLogin:42 - Logo field dispalyed correct.
00:07:12,936  INFO main MailCommon:onMainScreen:25 - Logo field dispalyed correct.
00:08:56,366  INFO main MailCommon:onMainScreen:25 - Logo field dispalyed correct.
00:09:01,310  INFO main MailCommon:onMainScreen:25 - Logo field dispalyed correct.
00:09:32,204  INFO main MailCommon:onMainScreen:25 - Logo field dispalyed correct.
00:13:06,113  INFO main MailCommon:onMainScreen:25 - Logo field dispalyed correct.
00:13:10,792  INFO main MailCommon:onMainScreen:25 - Logo field dispalyed correct.
00:13:57,518  INFO main MailCommon:onMainScreen:25 - Logo field dispalyed correct.
00:15:00,264  INFO main MailCommon:onMainScreen:25 - Logo field dispalyed correct.
00:15:05,639  INFO main MailCommon:onMainScreen:25 - Logo field dispalyed correct.
00:16:14,401  INFO main MailCommon:doLogin:42 - Logo field dispalyed correct.
00:17:01,369  INFO main MailCommon:onMainScreen:25 - Logo field dispalyed correct.
00:17:06,095  INFO main MailCommon:onMainScreen:25 - Logo field dispalyed correct.
00:17:27,958  INFO main MailCommon:doLogin:42 - Logo field dispalyed correct.
00:18:05,710  INFO main MailCommon:onMainScreen:25 - Logo field dispalyed correct.
00:18:09,805  INFO main MailCommon:onMainScreen:25 - Logo field dispalyed correct.
00:18:33,035  INFO main MailCommon:onMainScreen:25 - Logo field dispalyed correct.
00:24:01,658  INFO main MailCommon:onMainScreen:25 - Logo field dispalyed correct.
00:24:05,630  INFO main MailCommon:onMainScreen:25 - Logo field dispalyed correct.
00:24:24,799  INFO main MailCommon:doLogin:42 - Logo field dispalyed correct.
00:24:31,036  INFO main MailCommon:onMainScreen:25 - Logo field dispalyed correct.
00:25:59,397  INFO main MailCommon:onMainScreen:25 - Logo field dispalyed correct.
00:26:03,390  INFO main MailCommon:onMainScreen:25 - Logo field dispalyed correct.
00:26:28,842  INFO main MailCommon:doLogin:42 - Logo field dispalyed correct.
00:26:37,266  INFO main MailCommon:onMainScreen:25 - Logo field dispalyed correct.
00:26:57,537  INFO main MailCommon:doLogin:42 - Logo field dispalyed correct.
00:29:47,033  INFO main MailCommon:onMainScreen:25 - Logo field dispalyed correct.
00:29:52,628  INFO main MailCommon:onMainScreen:25 - Logo field dispalyed correct.
00:31:53,649  INFO main MailCommon:onMainScreen:25 - Logo field dispalyed correct.
00:31:58,518  INFO main MailCommon:onMainScreen:25 - Logo field dispalyed correct.
00:35:29,116  INFO main MailCommon:onMainScreen:25 - Logo field dispalyed correct.
00:35:48,829  INFO main MailCommon:onMainScreen:25 - Logo field dispalyed correct.
00:36:35,148  INFO main MailCommon:doLogin:42 - Logo field dispalyed correct.
00:36:56,268  INFO main MailCommon:onMainScreen:25 - Logo field dispalyed correct.
00:37:25,572  INFO main MailCommon:doLogin:42 - Logo field dispalyed correct.
00:38:39,640  INFO main MailCommon:executeCustomLogic:27 - Logo field dispalyed correct.
00:39:38,793  INFO main MailCommon:onMainScreen:25 - Logo field dispalyed correct.
00:39:44,944  INFO main MailCommon:onMainScreen:25 - Logo field dispalyed correct.
00:40:06,153  INFO main MailCommon:doLogin:42 - Logo field dispalyed correct.
00:40:13,387  INFO main MailCommon:onMainScreen:25 - Logo field dispalyed correct.
00:40:30,718  INFO main MailCommon:doLogin:42 - Logo field dispalyed correct.
00:41:19,133  INFO main MailCommon:onMainScreen:25 - Logo field dispalyed correct.
00:41:22,495  INFO main MailCommon:onMainScreen:25 - Logo field dispalyed correct.
00:41:44,109  INFO main MailCommon:doLogin:42 - Logo field dispalyed correct.
00:41:51,257  INFO main MailCommon:onMainScreen:25 - Logo field dispalyed correct.
00:43:43,355  INFO main MailCommon:onMainScreen:25 - Logo field dispalyed correct.
00:43:48,931  INFO main MailCommon:onMainScreen:25 - Logo field dispalyed correct.
00:44:13,026  INFO main MailCommon:doLogin:42 - Logo field dispalyed correct.
00:44:21,264  INFO main MailCommon:onMainScreen:25 - Logo field dispalyed correct.
00:44:36,814  INFO main MailCommon:doLogin:42 - Logo field dispalyed correct.
00:44:39,062  INFO main MailCommon:executeCustomLogic:27 - Logo field dispalyed correct.
23:39:01,159  INFO main MailCommon:onMainScreen:25 - Logo field dispalyed correct.
23:39:04,719  INFO main MailCommon:onMainScreen:25 - Logo field dispalyed correct.
23:39:22,653  INFO main MailCommon:onMainScreen:25 - Logo field dispalyed correct.
23:54:09,736  INFO main MailCommon:onMainScreen:25 - Logo field dispalyed correct.
23:54:12,128  INFO main MailCommon:onMainScreen:25 - Logo field dispalyed correct.
23:54:29,810  INFO main MailCommon:doLogin:43 - Logo field dispalyed correct.
23:54:36,126  INFO main MailCommon:onMainScreen:25 - Logo field dispalyed correct.
23:54:44,007  INFO main MailCommon:doLogin:43 - Logo field dispalyed correct.
23:54:44,998  INFO main MailCommon:executeCustomLogic:27 - Logo field dispalyed correct.
22:21:25,244  INFO main MailCommon:onMainScreen:25 - Logo field dispalyed correct.
22:22:01,197  INFO main MailCommon:doLogin:43 - Logo field dispalyed correct.
22:22:01,594 ERROR main MailInfoParser:<init>:33 - java.io.FileNotFoundException: C:\Users\User-PC\Desktop\Java\FinalProject\MailRu\InfoForSendingEmail.xml (Не удается найти указанный файл)
22:27:37,196  INFO main MailCommon:onMainScreen:25 - Logo field dispalyed correct.
22:28:04,452  INFO main MailCommon:doLogin:43 - Logo field dispalyed correct.
22:38:12,585  INFO main MailCommon:onMainScreen:25 - Logo field dispalyed correct.
22:39:59,750  INFO main MailCommon:onMainScreen:25 - Logo field dispalyed correct.
22:41:13,221  INFO main MailCommon:onMainScreen:25 - Logo field dispalyed correct.
22:41:38,079  INFO main MailCommon:doLogin:43 - Logo field dispalyed correct.
22:47:27,890  INFO main MailCommon:onMainScreen:25 - Logo field dispalyed correct.
22:48:55,296  INFO main MailCommon:onMainScreen:25 - Logo field dispalyed correct.
23:04:10,643  INFO main MailCommon:onMainScreen:25 - Logo field dispalyed correct.
23:06:38,377  INFO main MailCommon:onMainScreen:25 - Logo field dispalyed correct.
23:07:31,527  INFO main MailCommon:onMainScreen:25 - Logo field dispalyed correct.
23:07:56,140  INFO main MailCommon:doLogin:43 - Logo field dispalyed correct.
23:12:34,207  INFO main MailCommon:onMainScreen:25 - Logo field dispalyed correct.
23:13:00,030  INFO main MailCommon:doLogin:43 - Logo field dispalyed correct.
23:15:07,208  INFO main MailCommon:onMainScreen:25 - Logo field dispalyed correct.
23:16:31,806  INFO main MailCommon:onMainScreen:25 - Logo field dispalyed correct.
23:19:08,733  INFO main MailCommon:onMainScreen:25 - Logo field dispalyed correct.
23:19:30,830  INFO main MailCommon:doLogin:44 - Logo field dispalyed correct.
23:29:26,530  INFO main MailCommon:onMainScreen:25 - Logo field dispalyed correct.
23:29:47,822  INFO main MailCommon:doLogin:44 - Logo field dispalyed correct.
23:31:06,194  INFO main MailCommon:onMainScreen:25 - Logo field dispalyed correct.
23:32:00,207  INFO main MailCommon:doLogin:44 - Logo field dispalyed correct.
23:41:05,095  INFO main MailCommon:onMainScreen:25 - Logo field dispalyed correct.
23:41:23,724  INFO main MailCommon:doLogin:44 - Logo field dispalyed correct.
00:59:55,858  INFO main MailCommon:postToWallTest:32 - {"response":{"post_id":639}}
01:03:30,862  INFO main MailCommon:postToWallTest:32 - {"response":{"post_id":640}}
01:03:31,226  INFO main MailCommon:getInfoFromWallTest:52 - {"response":{"count":74,"items":[{"id":640,"from_id":537421013,"owner_id":536083852,"date":1554242614,"post_type":"post","text":"Test new","can_edit":1,"can_delete":1,"post_source":{"type":"api"},"comments":{"count":0,"can_post":1,"groups_can_post":true},"likes":{"count":0,"user_likes":0,"can_like":1,"can_publish":0},"reposts":{"count":0,"user_reposted":0},"is_favorite":false},{"id":639,"from_id":537421013,"owner_id":536083852,"date":1554242399,"post_type":"post","text":"Test new","can_edit":1,"can_delete":1,"post_source":{"type":"api"},"comments":{"count":0,"can_post":1,"groups_can_post":true},"likes":{"count":0,"user_likes":0,"can_like":1,"can_publish":0},"reposts":{"count":0,"user_reposted":0},"is_favorite":false},{"id":634,"from_id":42299199,"owner_id":536083852,"date":1554239818,"post_type":"post","text":"test_edited","post_source":{"type":"api"},"comments":{"count":0,"can_post":1,"groups_can_post":true},"likes":{"count":0,"user_likes":0,"can_like":1,"can_publish":0},"reposts":{"count":0,"user_reposted":0},"is_favorite":false},{"id":633,"from_id":42299199,"owner_id":536083852,"date":1554239818,"post_type":"post","text":"test","post_source":{"type":"api"},"comments":{"count":0,"can_post":1,"groups_can_post":true},"likes":{"count":0,"user_likes":0,"can_like":1,"can_publish":0},"reposts":{"count":0,"user_reposted":0},"is_favorite":false},{"id":632,"from_id":537421013,"owner_id":536083852,"date":1554239620,"post_type":"post","text":"New test edit","can_edit":1,"can_delete":1,"post_source":{"type":"api"},"comments":{"count":0,"can_post":1,"groups_can_post":true},"likes":{"count":0,"user_likes":0,"can_like":1,"can_publish":0},"reposts":{"count":0,"user_reposted":0},"is_favorite":false},{"id":631,"from_id":537421013,"owner_id":536083852,"date":1554239300,"post_type":"post","text":"Test new","can_edit":1,"can_delete":1,"post_source":{"type":"api"},"comments":{"count":0,"can_post":1,"groups_can_post":true},"likes":{"count":0,"user_likes":0,"can_like":1,"can_publish":0},"reposts":{"count":0,"user_reposted":0},"is_favorite":false},{"id":619,"from_id":42299199,"owner_id":536083852,"date":1554231616,"post_type":"post","text":"test_edited","post_source":{"type":"api"},"comments":{"count":0,"can_post":1,"groups_can_post":true},"likes":{"count":0,"user_likes":0,"can_like":1,"can_publish":0},"reposts":{"count":0,"user_reposted":0},"is_favorite":false},{"id":618,"from_id":42299199,"owner_id":536083852,"date":1554231615,"post_type":"post","text":"test","post_source":{"type":"api"},"comments":{"count":0,"can_post":1,"groups_can_post":true},"likes":{"count":0,"user_likes":0,"can_like":1,"can_publish":0},"reposts":{"count":0,"user_reposted":0},"is_favorite":false},{"id":617,"from_id":311035010,"owner_id":536083852,"date":1554216729,"post_type":"post","text":"LPV test VK v1","post_source":{"type":"api"},"comments":{"count":0,"can_post":1,"groups_can_post":true},"likes":{"count":0,"user_likes":0,"can_like":1,"can_publish":0},"reposts":{"count":0,"user_reposted":0},"is_favorite":false},{"id":616,"from_id":311035010,"owner_id":536083852,"date":1554216547,"post_type":"post","text":"LPV TEST","post_source":{"type":"api"},"comments":{"count":0,"can_post":1,"groups_can_post":true},"likes":{"count":0,"user_likes":0,"can_like":1,"can_publish":0},"reposts":{"count":0,"user_reposted":0},"is_favorite":false},{"id":610,"from_id":42299199,"owner_id":536083852,"date":1554161952,"post_type":"post","text":"test_edited","post_source":{"type":"api"},"comments":{"count":0,"can_post":1,"groups_can_post":true},"likes":{"count":0,"user_likes":0,"can_like":1,"can_publish":0},"reposts":{"count":0,"user_reposted":0},"is_favorite":false},{"id":609,"from_id":42299199,"owner_id":536083852,"date":1554161952,"post_type":"post","text":"test","post_source":{"type":"api"},"comments":{"count":0,"can_post":1,"groups_can_post":true},"likes":{"count":0,"user_likes":0,"can_like":1,"can_publish":0},"reposts":{"count":0,"user_reposted":0},"is_favorite":false},{"id":607,"from_id":42299199,"owner_id":536083852,"date":1554160394,"post_type":"post","text":"test_edited","post_source":{"type":"api"},"comments":{"count":0,"can_post":1,"groups_can_post":true},"likes":{"count":0,"user_likes":0,"can_like":1,"can_publish":0},"reposts":{"count":0,"user_reposted":0},"is_favorite":false},{"id":606,"from_id":42299199,"owner_id":536083852,"date":1554160394,"post_type":"post","text":"test","post_source":{"type":"api"},"comments":{"count":0,"can_post":1,"groups_can_post":true},"likes":{"count":0,"user_likes":0,"can_like":1,"can_publish":0},"reposts":{"count":0,"user_reposted":0},"is_favorite":false},{"id":604,"from_id":42299199,"owner_id":536083852,"date":1554157361,"post_type":"post","text":"test_edited","post_source":{"type":"api"},"comments":{"count":0,"can_post":1,"groups_can_post":true},"likes":{"count":0,"user_likes":0,"can_like":1,"can_publish":0},"reposts":{"count":0,"user_reposted":0},"is_favorite":false},{"id":603,"from_id":42299199,"owner_id":536083852,"date":1554157361,"post_type":"post","text":"test","post_source":{"type":"api"},"comments":{"count":0,"can_post":1,"groups_can_post":true},"likes":{"count":0,"user_likes":0,"can_like":1,"can_publish":0},"reposts":{"count":0,"user_reposted":0},"is_favorite":false},{"id":601,"from_id":42299199,"owner_id":536083852,"date":1554157094,"post_type":"post","text":"test_edited","post_source":{"type":"api"},"comments":{"count":0,"can_post":1,"groups_can_post":true},"likes":{"count":0,"user_likes":0,"can_like":1,"can_publish":0},"reposts":{"count":0,"user_reposted":0},"is_favorite":false},{"id":600,"from_id":42299199,"owner_id":536083852,"date":1554157093,"post_type":"post","text":"test","post_source":{"type":"api"},"comments":{"count":0,"can_post":1,"groups_can_post":true},"likes":{"count":0,"user_likes":0,"can_like":1,"can_publish":0},"reposts":{"count":0,"user_reposted":0},"is_favorite":false},{"id":598,"from_id":42299199,"owner_id":536083852,"date":1554156465,"post_type":"post","text":"test_edited","post_source":{"type":"api"},"comments":{"count":0,"can_post":1,"groups_can_post":true},"likes":{"count":0,"user_likes":0,"can_like":1,"can_publish":0},"reposts":{"count":0,"user_reposted":0},"is_favorite":false},{"id":597,"from_id":42299199,"owner_id":536083852,"date":1554156465,"post_type":"post","text":"test","post_source":{"type":"api"},"comments":{"count":0,"can_post":1,"groups_can_post":true},"likes":{"count":0,"user_likes":0,"can_like":1,"can_publish":0},"reposts":{"count":0,"user_reposted":0},"is_favorite":false}]}}
01:04:57,016  INFO main MailCommon:postToWallTest:35 - {"response":{"post_id":641}}
01:04:57,267  INFO main MailCommon:getInfoFromWallTest:58 - {"response":{"count":75,"items":[{"id":641,"from_id":537421013,"owner_id":536083852,"date":1554242700,"post_type":"post","text":"Test new","can_edit":1,"can_delete":1,"post_source":{"type":"api"},"comments":{"count":0,"can_post":1,"groups_can_post":true},"likes":{"count":0,"user_likes":0,"can_like":1,"can_publish":0},"reposts":{"count":0,"user_reposted":0},"is_favorite":false},{"id":640,"from_id":537421013,"owner_id":536083852,"date":1554242614,"post_type":"post","text":"Test new","can_edit":1,"can_delete":1,"post_source":{"type":"api"},"comments":{"count":0,"can_post":1,"groups_can_post":true},"likes":{"count":0,"user_likes":0,"can_like":1,"can_publish":0},"reposts":{"count":0,"user_reposted":0},"is_favorite":false},{"id":639,"from_id":537421013,"owner_id":536083852,"date":1554242399,"post_type":"post","text":"Test new","can_edit":1,"can_delete":1,"post_source":{"type":"api"},"comments":{"count":0,"can_post":1,"groups_can_post":true},"likes":{"count":0,"user_likes":0,"can_like":1,"can_publish":0},"reposts":{"count":0,"user_reposted":0},"is_favorite":false},{"id":634,"from_id":42299199,"owner_id":536083852,"date":1554239818,"post_type":"post","text":"test_edited","post_source":{"type":"api"},"comments":{"count":0,"can_post":1,"groups_can_post":true},"likes":{"count":0,"user_likes":0,"can_like":1,"can_publish":0},"reposts":{"count":0,"user_reposted":0},"is_favorite":false},{"id":633,"from_id":42299199,"owner_id":536083852,"date":1554239818,"post_type":"post","text":"test","post_source":{"type":"api"},"comments":{"count":0,"can_post":1,"groups_can_post":true},"likes":{"count":0,"user_likes":0,"can_like":1,"can_publish":0},"reposts":{"count":0,"user_reposted":0},"is_favorite":false},{"id":632,"from_id":537421013,"owner_id":536083852,"date":1554239620,"post_type":"post","text":"New test edit","can_edit":1,"can_delete":1,"post_source":{"type":"api"},"comments":{"count":0,"can_post":1,"groups_can_post":true},"likes":{"count":0,"user_likes":0,"can_like":1,"can_publish":0},"reposts":{"count":0,"user_reposted":0},"is_favorite":false},{"id":631,"from_id":537421013,"owner_id":536083852,"date":1554239300,"post_type":"post","text":"Test new","can_edit":1,"can_delete":1,"post_source":{"type":"api"},"comments":{"count":0,"can_post":1,"groups_can_post":true},"likes":{"count":0,"user_likes":0,"can_like":1,"can_publish":0},"reposts":{"count":0,"user_reposted":0},"is_favorite":false},{"id":619,"from_id":42299199,"owner_id":536083852,"date":1554231616,"post_type":"post","text":"test_edited","post_source":{"type":"api"},"comments":{"count":0,"can_post":1,"groups_can_post":true},"likes":{"count":0,"user_likes":0,"can_like":1,"can_publish":0},"reposts":{"count":0,"user_reposted":0},"is_favorite":false},{"id":618,"from_id":42299199,"owner_id":536083852,"date":1554231615,"post_type":"post","text":"test","post_source":{"type":"api"},"comments":{"count":0,"can_post":1,"groups_can_post":true},"likes":{"count":0,"user_likes":0,"can_like":1,"can_publish":0},"reposts":{"count":0,"user_reposted":0},"is_favorite":false},{"id":617,"from_id":311035010,"owner_id":536083852,"date":1554216729,"post_type":"post","text":"LPV test VK v1","post_source":{"type":"api"},"comments":{"count":0,"can_post":1,"groups_can_post":true},"likes":{"count":0,"user_likes":0,"can_like":1,"can_publish":0},"reposts":{"count":0,"user_reposted":0},"is_favorite":false},{"id":616,"from_id":311035010,"owner_id":536083852,"date":1554216547,"post_type":"post","text":"LPV TEST","post_source":{"type":"api"},"comments":{"count":0,"can_post":1,"groups_can_post":true},"likes":{"count":0,"user_likes":0,"can_like":1,"can_publish":0},"reposts":{"count":0,"user_reposted":0},"is_favorite":false},{"id":610,"from_id":42299199,"owner_id":536083852,"date":1554161952,"post_type":"post","text":"test_edited","post_source":{"type":"api"},"comments":{"count":0,"can_post":1,"groups_can_post":true},"likes":{"count":0,"user_likes":0,"can_like":1,"can_publish":0},"reposts":{"count":0,"user_reposted":0},"is_favorite":false},{"id":609,"from_id":42299199,"owner_id":536083852,"date":1554161952,"post_type":"post","text":"test","post_source":{"type":"api"},"comments":{"count":0,"can_post":1,"groups_can_post":true},"likes":{"count":0,"user_likes":0,"can_like":1,"can_publish":0},"reposts":{"count":0,"user_reposted":0},"is_favorite":false},{"id":607,"from_id":42299199,"owner_id":536083852,"date":1554160394,"post_type":"post","text":"test_edited","post_source":{"type":"api"},"comments":{"count":0,"can_post":1,"groups_can_post":true},"likes":{"count":0,"user_likes":0,"can_like":1,"can_publish":0},"reposts":{"count":0,"user_reposted":0},"is_favorite":false},{"id":606,"from_id":42299199,"owner_id":536083852,"date":1554160394,"post_type":"post","text":"test","post_source":{"type":"api"},"comments":{"count":0,"can_post":1,"groups_can_post":true},"likes":{"count":0,"user_likes":0,"can_like":1,"can_publish":0},"reposts":{"count":0,"user_reposted":0},"is_favorite":false},{"id":604,"from_id":42299199,"owner_id":536083852,"date":1554157361,"post_type":"post","text":"test_edited","post_source":{"type":"api"},"comments":{"count":0,"can_post":1,"groups_can_post":true},"likes":{"count":0,"user_likes":0,"can_like":1,"can_publish":0},"reposts":{"count":0,"user_reposted":0},"is_favorite":false},{"id":603,"from_id":42299199,"owner_id":536083852,"date":1554157361,"post_type":"post","text":"test","post_source":{"type":"api"},"comments":{"count":0,"can_post":1,"groups_can_post":true},"likes":{"count":0,"user_likes":0,"can_like":1,"can_publish":0},"reposts":{"count":0,"user_reposted":0},"is_favorite":false},{"id":601,"from_id":42299199,"owner_id":536083852,"date":1554157094,"post_type":"post","text":"test_edited","post_source":{"type":"api"},"comments":{"count":0,"can_post":1,"groups_can_post":true},"likes":{"count":0,"user_likes":0,"can_like":1,"can_publish":0},"reposts":{"count":0,"user_reposted":0},"is_favorite":false},{"id":600,"from_id":42299199,"owner_id":536083852,"date":1554157093,"post_type":"post","text":"test","post_source":{"type":"api"},"comments":{"count":0,"can_post":1,"groups_can_post":true},"likes":{"count":0,"user_likes":0,"can_like":1,"can_publish":0},"reposts":{"count":0,"user_reposted":0},"is_favorite":false},{"id":598,"from_id":42299199,"owner_id":536083852,"date":1554156465,"post_type":"post","text":"test_edited","post_source":{"type":"api"},"comments":{"count":0,"can_post":1,"groups_can_post":true},"likes":{"count":0,"user_likes":0,"can_like":1,"can_publish":0},"reposts":{"count":0,"user_reposted":0},"is_favorite":false}]}}
01:04:57,432 ERROR main MailCommon:deletePostFromWallTest:104 - ERRER - Check parameters.
01:04:57,622  INFO main MailCommon:editExistingPostOnWallTest:83 - {"response":1}
01:05:55,037  INFO main MailCommon:postToWallTest:35 - {"response":{"post_id":642}}
01:05:55,267  INFO main MailCommon:getInfoFromWallTest:54 - {"response":{"count":76,"items":[{"id":642,"from_id":537421013,"owner_id":536083852,"date":1554242758,"post_type":"post","text":"Test new","can_edit":1,"can_delete":1,"post_source":{"type":"api"},"comments":{"count":0,"can_post":1,"groups_can_post":true},"likes":{"count":0,"user_likes":0,"can_like":1,"can_publish":0},"reposts":{"count":0,"user_reposted":0},"is_favorite":false},{"id":641,"from_id":537421013,"owner_id":536083852,"date":1554242700,"post_type":"post","text":"Test new","can_edit":1,"can_delete":1,"post_source":{"type":"api"},"comments":{"count":0,"can_post":1,"groups_can_post":true},"likes":{"count":0,"user_likes":0,"can_like":1,"can_publish":0},"reposts":{"count":0,"user_reposted":0},"is_favorite":false},{"id":640,"from_id":537421013,"owner_id":536083852,"date":1554242614,"post_type":"post","text":"Test new","can_edit":1,"can_delete":1,"post_source":{"type":"api"},"comments":{"count":0,"can_post":1,"groups_can_post":true},"likes":{"count":0,"user_likes":0,"can_like":1,"can_publish":0},"reposts":{"count":0,"user_reposted":0},"is_favorite":false},{"id":639,"from_id":537421013,"owner_id":536083852,"date":1554242399,"post_type":"post","text":"Test new","can_edit":1,"can_delete":1,"post_source":{"type":"api"},"comments":{"count":0,"can_post":1,"groups_can_post":true},"likes":{"count":0,"user_likes":0,"can_like":1,"can_publish":0},"reposts":{"count":0,"user_reposted":0},"is_favorite":false},{"id":634,"from_id":42299199,"owner_id":536083852,"date":1554239818,"post_type":"post","text":"test_edited","post_source":{"type":"api"},"comments":{"count":0,"can_post":1,"groups_can_post":true},"likes":{"count":0,"user_likes":0,"can_like":1,"can_publish":0},"reposts":{"count":0,"user_reposted":0},"is_favorite":false},{"id":633,"from_id":42299199,"owner_id":536083852,"date":1554239818,"post_type":"post","text":"test","post_source":{"type":"api"},"comments":{"count":0,"can_post":1,"groups_can_post":true},"likes":{"count":0,"user_likes":0,"can_like":1,"can_publish":0},"reposts":{"count":0,"user_reposted":0},"is_favorite":false},{"id":632,"from_id":537421013,"owner_id":536083852,"date":1554239620,"post_type":"post","text":"New test edit","can_edit":1,"can_delete":1,"post_source":{"type":"api"},"comments":{"count":0,"can_post":1,"groups_can_post":true},"likes":{"count":0,"user_likes":0,"can_like":1,"can_publish":0},"reposts":{"count":0,"user_reposted":0},"is_favorite":false},{"id":631,"from_id":537421013,"owner_id":536083852,"date":1554239300,"post_type":"post","text":"Test new","can_edit":1,"can_delete":1,"post_source":{"type":"api"},"comments":{"count":0,"can_post":1,"groups_can_post":true},"likes":{"count":0,"user_likes":0,"can_like":1,"can_publish":0},"reposts":{"count":0,"user_reposted":0},"is_favorite":false},{"id":619,"from_id":42299199,"owner_id":536083852,"date":1554231616,"post_type":"post","text":"test_edited","post_source":{"type":"api"},"comments":{"count":0,"can_post":1,"groups_can_post":true},"likes":{"count":0,"user_likes":0,"can_like":1,"can_publish":0},"reposts":{"count":0,"user_reposted":0},"is_favorite":false},{"id":618,"from_id":42299199,"owner_id":536083852,"date":1554231615,"post_type":"post","text":"test","post_source":{"type":"api"},"comments":{"count":0,"can_post":1,"groups_can_post":true},"likes":{"count":0,"user_likes":0,"can_like":1,"can_publish":0},"reposts":{"count":0,"user_reposted":0},"is_favorite":false},{"id":617,"from_id":311035010,"owner_id":536083852,"date":1554216729,"post_type":"post","text":"LPV test VK v1","post_source":{"type":"api"},"comments":{"count":0,"can_post":1,"groups_can_post":true},"likes":{"count":0,"user_likes":0,"can_like":1,"can_publish":0},"reposts":{"count":0,"user_reposted":0},"is_favorite":false},{"id":616,"from_id":311035010,"owner_id":536083852,"date":1554216547,"post_type":"post","text":"LPV TEST","post_source":{"type":"api"},"comments":{"count":0,"can_post":1,"groups_can_post":true},"likes":{"count":0,"user_likes":0,"can_like":1,"can_publish":0},"reposts":{"count":0,"user_reposted":0},"is_favorite":false},{"id":610,"from_id":42299199,"owner_id":536083852,"date":1554161952,"post_type":"post","text":"test_edited","post_source":{"type":"api"},"comments":{"count":0,"can_post":1,"groups_can_post":true},"likes":{"count":0,"user_likes":0,"can_like":1,"can_publish":0},"reposts":{"count":0,"user_reposted":0},"is_favorite":false},{"id":609,"from_id":42299199,"owner_id":536083852,"date":1554161952,"post_type":"post","text":"test","post_source":{"type":"api"},"comments":{"count":0,"can_post":1,"groups_can_post":true},"likes":{"count":0,"user_likes":0,"can_like":1,"can_publish":0},"reposts":{"count":0,"user_reposted":0},"is_favorite":false},{"id":607,"from_id":42299199,"owner_id":536083852,"date":1554160394,"post_type":"post","text":"test_edited","post_source":{"type":"api"},"comments":{"count":0,"can_post":1,"groups_can_post":true},"likes":{"count":0,"user_likes":0,"can_like":1,"can_publish":0},"reposts":{"count":0,"user_reposted":0},"is_favorite":false},{"id":606,"from_id":42299199,"owner_id":536083852,"date":1554160394,"post_type":"post","text":"test","post_source":{"type":"api"},"comments":{"count":0,"can_post":1,"groups_can_post":true},"likes":{"count":0,"user_likes":0,"can_like":1,"can_publish":0},"reposts":{"count":0,"user_reposted":0},"is_favorite":false},{"id":604,"from_id":42299199,"owner_id":536083852,"date":1554157361,"post_type":"post","text":"test_edited","post_source":{"type":"api"},"comments":{"count":0,"can_post":1,"groups_can_post":true},"likes":{"count":0,"user_likes":0,"can_like":1,"can_publish":0},"reposts":{"count":0,"user_reposted":0},"is_favorite":false},{"id":603,"from_id":42299199,"owner_id":536083852,"date":1554157361,"post_type":"post","text":"test","post_source":{"type":"api"},"comments":{"count":0,"can_post":1,"groups_can_post":true},"likes":{"count":0,"user_likes":0,"can_like":1,"can_publish":0},"reposts":{"count":0,"user_reposted":0},"is_favorite":false},{"id":601,"from_id":42299199,"owner_id":536083852,"date":1554157094,"post_type":"post","text":"test_edited","post_source":{"type":"api"},"comments":{"count":0,"can_post":1,"groups_can_post":true},"likes":{"count":0,"user_likes":0,"can_like":1,"can_publish":0},"reposts":{"count":0,"user_reposted":0},"is_favorite":false},{"id":600,"from_id":42299199,"owner_id":536083852,"date":1554157093,"post_type":"post","text":"test","post_source":{"type":"api"},"comments":{"count":0,"can_post":1,"groups_can_post":true},"likes":{"count":0,"user_likes":0,"can_like":1,"can_publish":0},"reposts":{"count":0,"user_reposted":0},"is_favorite":false}]}}
01:05:55,483 ERROR main MailCommon:deletePostFromWallTest:95 - ERRER - Check parameters.
01:05:55,712  INFO main MailCommon:editExistingPostOnWallTest:76 - {"response":1}
01:55:26,505  INFO main MailCommon:onMainScreen:25 - Logo field dispalyed correct.
01:56:26,874  INFO main MailCommon:onMainScreen:25 - Logo field dispalyed correct.
01:59:05,106  INFO main MailCommon:onMainScreen:25 - Logo field dispalyed correct.
23:48:10,184  INFO main MailCommon:onMainScreen:25 - Logo field dispalyed correct.
23:48:13,400  INFO main MailCommon:onMainScreen:25 - Logo field dispalyed correct.
23:48:38,217  INFO main MailCommon:doLogin:44 - Logo field dispalyed correct.
23:48:47,148  INFO main MailCommon:onMainScreen:25 - Logo field dispalyed correct.
23:49:03,524  INFO main MailCommon:onMainScreen:25 - Logo field dispalyed correct.
23:49:06,273  INFO main MailCommon:onMainScreen:25 - Logo field dispalyed correct.
23:49:09,125  INFO main MailCommon:onMainScreen:25 - Logo field dispalyed correct.
23:50:58,862  INFO main MailCommon:onMainScreen:25 - Logo field dispalyed correct.
23:51:05,512  INFO main MailCommon:onMainScreen:25 - Logo field dispalyed correct.
23:51:30,605  INFO main MailCommon:doLogin:44 - Logo field dispalyed correct.
23:51:40,469  INFO main MailCommon:onMainScreen:25 - Logo field dispalyed correct.
23:52:00,585  INFO main MailCommon:doLogin:44 - Logo field dispalyed correct.
23:52:02,179  INFO main MailCommon:executeCustomLogic:27 - Logo field dispalyed correct.
23:52:11,847  INFO main MailCommon:onMainScreen:25 - Logo field dispalyed correct.
23:52:28,732  INFO main MailCommon:doLogin:44 - Logo field dispalyed correct.
23:52:40,595  INFO main MailCommon:executeCustomLogic:39 - Email was sent
23:52:48,785  INFO main MailCommon:onMainScreen:25 - Logo field dispalyed correct.
23:52:52,516  INFO main MailCommon:onMainScreen:25 - Logo field dispalyed correct.
23:58:04,706  INFO main MailCommon:onMainScreen:25 - Logo field dispalyed correct.
23:58:09,754  INFO main MailCommon:onMainScreen:25 - Logo field dispalyed correct.
23:59:18,098  INFO main MailCommon:onMainScreen:25 - Logo field dispalyed correct.
23:59:21,781  INFO main MailCommon:onMainScreen:25 - Logo field dispalyed correct.
00:00:08,410  INFO main MailCommon:onMainScreen:25 - Logo field dispalyed correct.
00:01:17,072  INFO main MailCommon:onMainScreen:25 - Logo field dispalyed correct.
00:02:27,682  INFO main MailCommon:onMainScreen:25 - Logo field dispalyed correct.
00:02:30,287  INFO main MailCommon:onMainScreen:25 - Logo field dispalyed correct.
00:03:43,995  INFO main MailCommon:onMainScreen:25 - Logo field dispalyed correct.
00:03:50,263  INFO main MailCommon:onMainScreen:25 - Logo field dispalyed correct.
00:04:58,694  INFO main MailCommon:onMainScreen:25 - Logo field dispalyed correct.
00:05:03,008  INFO main MailCommon:onMainScreen:25 - Logo field dispalyed correct.
00:06:11,660  INFO main MailCommon:onMainScreen:25 - Logo field dispalyed correct.
00:09:04,725  INFO main MailCommon:onMainScreen:25 - Logo field dispalyed correct.
00:10:02,246  INFO main MailCommon:onMainScreen:25 - Logo field dispalyed correct.
00:14:15,498  INFO main MailCommon:onMainScreen:25 - Logo field dispalyed correct.
00:14:41,004  INFO main MailCommon:onMainScreen:25 - Logo field dispalyed correct.
00:16:08,496  INFO main MailCommon:onMainScreen:25 - Logo field dispalyed correct.
00:17:16,162  INFO main MailCommon:onMainScreen:25 - Logo field dispalyed correct.
00:18:23,089  INFO main MailCommon:onMainScreen:25 - Logo field dispalyed correct.
00:19:45,231  INFO main MailCommon:onMainScreen:25 - Logo field dispalyed correct.
00:20:06,431  INFO main StepsMailRu:founddPage:85 - Logo field dispalyed correct.
00:21:33,393  INFO main MailCommon:onMainScreen:25 - Logo field dispalyed correct.
00:21:37,976  INFO main StepsMailRu:founddPage:85 - Logo field dispalyed correct.
00:21:41,502  INFO main MailCommon:onMainScreen:25 - Logo field dispalyed correct.
00:25:51,112  INFO main MailCommon:onMainScreen:25 - Logo field dispalyed correct.
00:25:55,777  INFO main StepsMailRu:founddPage:85 - Logo field dispalyed correct.
00:25:58,293  INFO main MailCommon:onMainScreen:25 - Logo field dispalyed correct.
00:32:54,151  INFO main MailCommon:onMainScreen:25 - Logo field dispalyed correct.
00:32:57,907  INFO main StepsMailRu:founddPage:85 - Logo field dispalyed correct.
00:32:59,885  INFO main MailCommon:onMainScreen:25 - Logo field dispalyed correct.
00:33:48,365  INFO main MailCommon:onMainScreen:25 - Logo field dispalyed correct.
00:33:53,311  INFO main StepsMailRu:founddPage:85 - Logo field dispalyed correct.
00:33:56,485  INFO main MailCommon:onMainScreen:25 - Logo field dispalyed correct.
00:37:39,305  INFO main MailCommon:onMainScreen:25 - Logo field dispalyed correct.
00:37:43,813  INFO main StepsMailRu:founddPage:85 - Logo field dispalyed correct.
00:37:46,773  INFO main MailCommon:onMainScreen:25 - Logo field dispalyed correct.
00:39:33,979  INFO main MailCommon:onMainScreen:25 - Logo field dispalyed correct.
00:39:37,645  INFO main StepsMailRu:founddPage:85 - Logo field dispalyed correct.
00:39:40,613  INFO main MailCommon:onMainScreen:25 - Logo field dispalyed correct.
00:42:04,387  INFO main MailCommon:onMainScreen:25 - Logo field dispalyed correct.
00:42:08,465  INFO main StepsMailRu:founddPage:85 - Logo field dispalyed correct.
00:42:11,871  INFO main MailCommon:onMainScreen:25 - Logo field dispalyed correct.
00:44:21,390  INFO main MailCommon:onMainScreen:25 - Logo field dispalyed correct.
00:44:25,780  INFO main StepsMailRu:founddPage:85 - Logo field dispalyed correct.
00:44:28,487  INFO main MailCommon:onMainScreen:25 - Logo field dispalyed correct.
00:46:26,069  INFO main MailCommon:onMainScreen:25 - Logo field dispalyed correct.
00:46:29,984  INFO main StepsMailRu:founddPage:85 - Logo field dispalyed correct.
00:46:33,863  INFO main MailCommon:onMainScreen:25 - Logo field dispalyed correct.
00:50:05,288  INFO main MailCommon:onMainScreen:25 - Logo field dispalyed correct.
00:50:08,629  INFO main StepsMailRu:founddPage:85 - Logo field dispalyed correct.
00:50:10,677  INFO main MailCommon:onMainScreen:25 - Logo field dispalyed correct.
00:51:17,720 ERROR main StepsMailRu:checkErrorInfoRegistration:113 - Logo field should be displyed.
